c:\users\haro7\desktop\iocp_lobby\completionportserver\debug\vc140.pdb
c:\users\haro7\desktop\iocp_lobby\completionportserver\debug\vc140.idb
c:\users\haro7\desktop\iocp_lobby\completionportserver\debug\cirqueue.obj
c:\users\haro7\desktop\iocp_lobby\completionportserver\debug\completionportserver.obj
c:\users\haro7\desktop\iocp_lobby\completionportserver\debug\gamemsgmanager.obj
c:\users\haro7\desktop\iocp_lobby\completionportserver\debug\gameproc.obj
c:\users\haro7\desktop\iocp_lobby\completionportserver\debug\room.obj
c:\users\haro7\desktop\iocp_lobby\completionportserver\debug\roommanager.obj
c:\users\haro7\desktop\iocp_lobby\completionportserver\debug\sendpacket.obj
c:\users\haro7\desktop\iocp_lobby\completionportserver\debug\user.obj
c:\users\haro7\desktop\iocp_lobby\completionportserver\debug\usermanager.obj
c:\users\haro7\desktop\iocp_lobby\completionportserver\debug\completionportserver.ilk
c:\users\haro7\desktop\iocp_lobby\completionportserver\debug\completionportserver.exe
c:\users\haro7\desktop\iocp_lobby\completionportserver\debug\completionportserver.pdb
c:\users\haro7\desktop\iocp_lobby\completionportserver\debug\vc120.idb
c:\users\haro7\desktop\iocp_lobby\completionportserver\debug\vc120.pdb
c:\users\haro7\desktop\iocp_lobby\completionportserver\.\debug\completionportserver.exe
c:\users\haro7\desktop\iocp_lobby\completionportserver\debug\completi.f6e0ad2f.tlog\cl.command.1.tlog
c:\users\haro7\desktop\iocp_lobby\completionportserver\debug\completi.f6e0ad2f.tlog\cl.read.1.tlog
c:\users\haro7\desktop\iocp_lobby\completionportserver\debug\completi.f6e0ad2f.tlog\cl.write.1.tlog
c:\users\haro7\desktop\iocp_lobby\completionportserver\debug\completi.f6e0ad2f.tlog\link.command.1.tlog
c:\users\haro7\desktop\iocp_lobby\completionportserver\debug\completi.f6e0ad2f.tlog\link.read.1.tlog
c:\users\haro7\desktop\iocp_lobby\completionportserver\debug\completi.f6e0ad2f.tlog\link.write.1.tlog
