  AsyncSelectServer.cpp
AsyncSelectServer.cpp(67): warning C4996: 'scanf': This function or variable may be unsafe. Consider using scanf_s instead. To disable deprecation, use _CRT_SECURE_NO_WARNINGS. See online help for details.
  C:\Program Files (x86)\Windows Kits\10\Include\10.0.10240.0\ucrt\stdio.h(1270): note: 'scanf' 선언을 참조하십시오.
AsyncSelectServer.cpp(69): warning C4996: 'scanf': This function or variable may be unsafe. Consider using scanf_s instead. To disable deprecation, use _CRT_SECURE_NO_WARNINGS. See online help for details.
  C:\Program Files (x86)\Windows Kits\10\Include\10.0.10240.0\ucrt\stdio.h(1270): note: 'scanf' 선언을 참조하십시오.
AsyncSelectServer.cpp(131): warning C4996: 'scanf': This function or variable may be unsafe. Consider using scanf_s instead. To disable deprecation, use _CRT_SECURE_NO_WARNINGS. See online help for details.
  C:\Program Files (x86)\Windows Kits\10\Include\10.0.10240.0\ucrt\stdio.h(1270): note: 'scanf' 선언을 참조하십시오.
AsyncSelectServer.cpp(142): warning C4996: 'scanf': This function or variable may be unsafe. Consider using scanf_s instead. To disable deprecation, use _CRT_SECURE_NO_WARNINGS. See online help for details.
  C:\Program Files (x86)\Windows Kits\10\Include\10.0.10240.0\ucrt\stdio.h(1270): note: 'scanf' 선언을 참조하십시오.
AsyncSelectServer.cpp(220): warning C4996: 'inet_addr': Use inet_pton() or InetPton() instead or define _WINSOCK_DEPRECATED_NO_WARNINGS to disable deprecated API warnings
  C:\Program Files (x86)\Windows Kits\8.1\Include\um\winsock2.h(1850): note: 'inet_addr' 선언을 참조하십시오.
AsyncSelectServer.cpp(225): warning C4996: 'WSAAsyncSelect': Use WSAEventSelect() instead or define _WINSOCK_DEPRECATED_NO_WARNINGS to disable deprecated API warnings
  C:\Program Files (x86)\Windows Kits\8.1\Include\um\winsock2.h(2699): note: 'WSAAsyncSelect' 선언을 참조하십시오.
AsyncSelectServer.cpp(363): warning C4101: 'client_sock' :참조되지 않은 지역 변수입니다.
AsyncSelectServer.cpp(364): warning C4101: 'clientaddr' :참조되지 않은 지역 변수입니다.
AsyncSelectServer.cpp(365): warning C4101: 'addrlen' :참조되지 않은 지역 변수입니다.
AsyncSelectServer.cpp(416): warning C4996: 'getch': The POSIX name for this item is deprecated. Instead, use the ISO C and C++ conformant name: _getch. See online help for details.
  C:\Program Files (x86)\Windows Kits\10\Include\10.0.10240.0\ucrt\conio.h(452): note: 'getch' 선언을 참조하십시오.
  AsyncSelectServer.vcxproj -> C:\Users\haro7\Desktop\iocp_lobby\AsyncSelectClient\.\Debug\AsyncSelectServer.exe
  AsyncSelectServer.vcxproj -> .\Debug\AsyncSelectServer.pdb (Full PDB)
